\BOOKMARK [0][-]{chapter*.4}{\376\377\000T\000h\000e\000s\000i\000s\000\040\000A\000b\000s\000t\000r\000a\000c\000t}{}% 1
\BOOKMARK [0][-]{chapter.1}{\376\377\000G\000e\000n\000e\000r\000a\000l\000\040\000I\000n\000t\000r\000o\000d\000u\000c\000t\000i\000o\000n}{}% 2
\BOOKMARK [0][-]{chapter.2}{\376\377\000Q\000u\000a\000l\000i\000t\000a\000t\000i\000v\000e}{}% 3
\BOOKMARK [1][-]{section.2.1}{\376\377\000I\000n\000t\000r\000o\000d\000u\000c\000t\000i\000o\000n}{chapter.2}% 4
\BOOKMARK [1][-]{section.2.2}{\376\377\000M\000e\000t\000h\000o\000d\000s}{chapter.2}% 5
\BOOKMARK [2][-]{subsection.2.2.1}{\376\377\000P\000h\000i\000l\000o\000s\000o\000p\000h\000i\000c\000a\000l\000\040\000o\000r\000i\000e\000n\000t\000a\000t\000i\000o\000n}{section.2.2}% 6
\BOOKMARK [2][-]{subsection.2.2.2}{\376\377\000P\000a\000r\000t\000i\000c\000i\000p\000a\000n\000t\000s}{section.2.2}% 7
\BOOKMARK [2][-]{subsection.2.2.3}{\376\377\000I\000n\000t\000e\000r\000v\000i\000e\000w\000\040\000g\000u\000i\000d\000e}{section.2.2}% 8
\BOOKMARK [2][-]{subsection.2.2.4}{\376\377\000C\000r\000e\000d\000i\000b\000i\000l\000i\000t\000y\000\040\000a\000n\000d\000\040\000t\000r\000u\000s\000t\000w\000o\000r\000t\000h\000i\000n\000e\000s\000s}{section.2.2}% 9
\BOOKMARK [1][-]{section.2.3}{\376\377\000R\000e\000s\000u\000l\000t\000s}{chapter.2}% 10
\BOOKMARK [2][-]{subsection.2.3.1}{\376\377\000G\000e\000t\000t\000i\000n\000g\000\040\000t\000o\000\040\000A\000s\000s\000e\000s\000s\000m\000e\000n\000t}{section.2.3}% 11
\BOOKMARK [2][-]{subsection.2.3.2}{\376\377\000M\000o\000t\000i\000v\000a\000t\000i\000o\000n}{section.2.3}% 12
\BOOKMARK [2][-]{subsection.2.3.3}{\376\377\000P\000a\000s\000s\000i\000n\000g}{section.2.3}% 13
\BOOKMARK [2][-]{subsection.2.3.4}{\376\377\000R\000e\000a\000s\000s\000e\000s\000s\000m\000e\000n\000t}{section.2.3}% 14
\BOOKMARK [1][-]{section.2.4}{\376\377\000D\000i\000s\000c\000u\000s\000s\000i\000o\000n}{chapter.2}% 15
\BOOKMARK [1][-]{section.2.5}{\376\377\000C\000o\000n\000c\000l\000u\000s\000i\000o\000n\000s}{chapter.2}% 16
\BOOKMARK [0][-]{chapter.3}{\376\377\000K\000e\000y\000\040\000D\000i\000s\000c\000r\000i\000m\000a\000n\000t\000o\000r\000y\000\040\000F\000a\000c\000t\000o\000r\000s}{}% 17
\BOOKMARK [1][-]{section.3.1}{\376\377\000I\000n\000t\000r\000o\000d\000u\000c\000t\000i\000o\000n}{chapter.3}% 18
\BOOKMARK [2][-]{subsection.3.1.1}{\376\377\000T\000h\000e\000\040\000M\000o\000u\000n\000t\000a\000i\000n\000\040\000L\000e\000a\000d\000e\000r\000\040\000q\000u\000a\000l\000i\000f\000i\000c\000a\000t\000i\000o\000n}{section.3.1}% 19
\BOOKMARK [2][-]{subsection.3.1.2}{\376\377\000P\000a\000t\000h\000w\000a\000y\000s}{section.3.1}% 20
\BOOKMARK [2][-]{subsection.3.1.3}{\376\377\000T\000h\000i\000s\000\040\000p\000a\000p\000e\000r}{section.3.1}% 21
\BOOKMARK [1][-]{section.3.2}{\376\377\000S\000t\000u\000d\000y\000\040\0003\000\040\000-\000\040\000I\000d\000e\000n\000t\000i\000f\000y\000i\000n\000g\000\040\000t\000h\000e\000\040\000m\000o\000s\000t\000\040\000i\000m\000p\000o\000r\000t\000a\000n\000t\000\040\000f\000a\000c\000t\000o\000r\000s}{chapter.3}% 22
\BOOKMARK [2][-]{subsection.3.2.1}{\376\377\000M\000e\000t\000h\000o\000d}{section.3.2}% 23
\BOOKMARK [2][-]{subsection.3.2.2}{\376\377\000R\000e\000s\000u\000l\000t\000s}{section.3.2}% 24
\BOOKMARK [2][-]{subsection.3.2.3}{\376\377\000D\000i\000s\000c\000u\000s\000s\000i\000o\000n}{section.3.2}% 25
\BOOKMARK [1][-]{section.3.3}{\376\377\000D\000i\000s\000c\000u\000s\000s\000i\000o\000n}{chapter.3}% 26
\BOOKMARK [1][-]{section.3.4}{\376\377\000F\000u\000t\000u\000r\000e}{chapter.3}% 27
\BOOKMARK [1][-]{section.3.5}{\376\377\000C\000o\000n\000c\000l\000u\000s\000i\000o\000n}{chapter.3}% 28
\BOOKMARK [1][-]{section.3.6}{\376\377\000S\000t\000u\000d\000y\000\040\0002\000\040\000s\000u\000p\000p\000l\000e\000m\000e\000n\000t\000a\000r\000y\000\040\000i\000n\000f\000o\000r\000m\000a\000t\000i\000o\000n}{chapter.3}% 29
\BOOKMARK [2][-]{subsection.3.6.1}{\376\377\000V\000a\000r\000i\000a\000b\000l\000e\000s}{section.3.6}% 30
\BOOKMARK [2][-]{subsection.3.6.2}{\376\377\000S\000t\000u\000d\000y\000\040\0002\000\040\000c\000l\000a\000s\000s\000i\000f\000i\000c\000a\000i\000t\000o\000n\000\040\000r\000a\000t\000e\000s}{section.3.6}% 31
\BOOKMARK [1][-]{section.3.7}{\376\377\000S\000t\000u\000d\000y\000\040\0003\000\040\000s\000u\000p\000p\000l\000e\000m\000e\000n\000t\000a\000r\000y\000\040\000i\000n\000f\000o\000r\000m\000a\000t\000i\000o\000n}{chapter.3}% 32
\BOOKMARK [2][-]{subsection.3.7.1}{\376\377\000E\000x\000a\000m\000p\000l\000e\000\040\000o\000m\000i\000n\000b\000u\000s\000\040\000f\000e\000a\000t\000u\000r\000e\000\040\000s\000u\000b\000s\000e\000t\000s}{section.3.7}% 33
\BOOKMARK [2][-]{subsection.3.7.2}{\376\377\000M\000a\000l\000e\000\040\000g\000e\000t\000t\000i\000n\000g\000\040\000t\000o\000\040\000a\000s\000s\000e\000s\000s\000m\000e\000n\000t\000\040\000t\000r\000a\000i\000n\000i\000n\000g\000\040\000m\000o\000d\000e\000l\000\040\000p\000e\000r\000f\000o\000r\000m\000a\000n\000c\000e}{section.3.7}% 34
\BOOKMARK [2][-]{subsection.3.7.3}{\376\377\000F\000e\000m\000a\000l\000e\000\040\000g\000e\000t\000t\000i\000n\000g\000\040\000t\000o\000\040\000a\000s\000s\000e\000s\000s\000m\000e\000n\000t\000\040\000t\000r\000a\000i\000n\000i\000n\000g\000\040\000m\000o\000d\000e\000l\000\040\000p\000e\000r\000f\000o\000r\000m\000a\000n\000c\000e}{section.3.7}% 35
\BOOKMARK [2][-]{subsection.3.7.4}{\376\377\000F\000i\000r\000s\000t\000\040\000t\000i\000m\000e\000\040\000p\000a\000s\000s\000\040\000m\000o\000d\000e\000l\000\040\000p\000e\000r\000f\000o\000r\000m\000a\000n\000c\000e}{section.3.7}% 36
\BOOKMARK [0][-]{chapter.4}{\376\377\000S\000e\000l\000f\000-\000E\000f\000f\000i\000c\000a\000c\000y\000\040\000a\000n\000d\000\040\000Q\000u\000a\000l\000i\000t\000y\000\040\000M\000o\000u\000n\000t\000a\000i\000n\000\040\000D\000a\000y\000s}{}% 37
\BOOKMARK [0][-]{chapter.5}{\376\377\000G\000e\000n\000e\000r\000a\000l\000\040\000D\000i\000s\000c\000u\000s\000s\000i\000o\000n}{}% 38
\BOOKMARK [0][-]{appendix.A}{\376\377\000D\000e\000v\000e\000l\000o\000p\000i\000n\000g\000\040\000t\000h\000e\000\040\000s\000u\000r\000v\000e\000y\000\040\000t\000o\000o\000l}{}% 39
\BOOKMARK [1][-]{section.A.1}{\376\377\000S\000t\000u\000d\000y\000\040\0001\000\040\000-\000\040\000I\000t\000e\000m\000\040\000s\000e\000l\000e\000c\000t\000i\000o\000n}{appendix.A}% 40
\BOOKMARK [2][-]{subsection.A.1.1}{\376\377\000M\000e\000t\000h\000o\000d}{section.A.1}% 41
\BOOKMARK [2][-]{subsection.A.1.2}{\376\377\000R\000e\000s\000u\000l\000t\000s}{section.A.1}% 42
\BOOKMARK [2][-]{subsection.A.1.3}{\376\377\000D\000i\000s\000c\000u\000s\000s\000i\000o\000n}{section.A.1}% 43
\BOOKMARK [1][-]{section.A.2}{\376\377\000S\000t\000u\000d\000y\000\040\0002\000\040\000-\000\040\000I\000t\000e\000m\000\040\000r\000e\000d\000u\000c\000t\000i\000o\000n}{appendix.A}% 44
\BOOKMARK [2][-]{subsection.A.2.1}{\376\377\000M\000e\000t\000h\000o\000d}{section.A.2}% 45
\BOOKMARK [2][-]{subsection.A.2.2}{\376\377\000R\000e\000s\000u\000l\000t\000s}{section.A.2}% 46
\BOOKMARK [2][-]{subsection.A.2.3}{\376\377\000D\000i\000s\000c\000u\000s\000s\000i\000o\000n}{section.A.2}% 47
